<?xml version="1.0" encoding="UTF-8"?>
<!-- Generated by org.testng.reporters.JUnitReportReporter -->
<testsuite skipped="0" hostname="DESKTOP-H0SHG5R" name="testcases.SimplilearnLoginTest" tests="3" failures="0" timestamp="2022-09-24T00:53:35 IST" time="51.980" errors="0">
  <testcase name="Test1" time="16.041" classname="testcases.SimplilearnLoginTest"/>
  <system-out/>
  <testcase name="Test3" time="17.616" classname="testcases.SimplilearnLoginTest"/>
  <system-out/>
  <testcase name="Test2" time="18.323" classname="testcases.SimplilearnLoginTest"/>
  <system-out/>
</testsuite> <!-- testcases.SimplilearnLoginTest -->
