<?xml version="1.0" encoding="UTF-8"?>
<!-- Generated by org.testng.reporters.JUnitReportReporter -->
<testsuite skipped="0" hostname="DESKTOP-H0SHG5R" name="testcases.SimplilearnLoginTest" tests="3" failures="0" timestamp="24 Sep 2022 04:26:42 GMT" time="47.976" errors="0">
  <testcase name="Test1" time="17.968" classname="testcases.SimplilearnLoginTest"/>
  <testcase name="Test3" time="16.037" classname="testcases.SimplilearnLoginTest"/>
  <testcase name="Test2" time="13.971" classname="testcases.SimplilearnLoginTest"/>
</testsuite> <!-- testcases.SimplilearnLoginTest -->
