<?xml version="1.0" encoding="UTF-8"?>
<!-- Generated by org.testng.reporters.JUnitReportReporter -->
<testsuite skipped="0" hostname="DESKTOP-H0SHG5R" name="testcases.HomeTest" tests="1" failures="0" timestamp="24 Sep 2022 04:26:42 GMT" time="6.389" errors="0">
  <testcase name="Test" time="6.389" classname="testcases.HomeTest"/>
</testsuite> <!-- testcases.HomeTest -->
